proguard-project.txt
# To enable ProGuard in your project, edit project.properties
# to define the proguard.config property as described in that file.
#
# Add project specific ProGuard rules here.
# By default, the flags in this file are appended to flags specified
# in ${sdk.dir}/tools/proguard/proguard-android.txt
# You can edit the include path and order by changing the ProGuard
# include property in project.properties.
#
# For more details, see
#   http://developer.android.com/guide/developing/tools/proguard.html

# Add any project specific keep options here:

# If your project uses WebView with JS, uncomment the following
# and specify the fully qualified class name to the JavaScript interface
# class:
#-keepclassmembers class fqcn.of.javascript.interface.for.webview {
#   public *;
#}
-dontwarn javax.mail.**
# To allow openFileChooser method
-keepclassmembers class * extends android.webkit.WebChromeClient {
     public void openFileChooser(...);
}
-keepclassmembers class com.sunoray.tentacle.TentacleJSInterface { 
    public *;
}
-keepattributes JavascriptInterface
# For LOG
-keep public class ch.qos.logback.** { *; }
-keep public class org.slf4j.** { *; }

# FOR okhttp
-dontwarn okio.**
-dontwarn javax.annotation.Nullable
-dontwarn javax.annotation.ParametersAreNonnullByDefault

##---------------Begin: proguard configuration for Gson  ----------
# Gson uses generic type information stored in a class file when working with fields. Proguard
# removes such information by default, so configure it to keep all of it.
-keepattributes Signature

# Gson specific classes
-keep class sun.misc.Unsafe { *; }
#-keep class com.google.gson.stream.** { *; }

# Application classes that will be serialized/deserialized over Gson
-keepclassmembers class com.sunoray.tentacle.bean.** { *; }
##---------------End: proguard configuration for Gson  ----------