proguard/seeds.txt
com.sunoray.tentacle.GCMIntentService
com.sunoray.tentacle.GCMIntentService: GCMIntentService()
com.sunoray.tentacle.MainActivity
com.sunoray.tentacle.MainActivity: MainActivity()
com.sunoray.tentacle.R$color: int orange
com.sunoray.tentacle.R$color: int red
com.sunoray.tentacle.R$color: int table_content_text_color
com.sunoray.tentacle.R$color: int tentacle_green
com.sunoray.tentacle.R$color: int view_progressbar_color
com.sunoray.tentacle.R$dimen: int startup_activity_logo_height
com.sunoray.tentacle.R$drawable: int btn_background
com.sunoray.tentacle.R$drawable: int btn_onfocus_change_background
com.sunoray.tentacle.R$drawable: int check1
com.sunoray.tentacle.R$drawable: int check2
com.sunoray.tentacle.R$drawable: int dialer_ic_speaker_green
com.sunoray.tentacle.R$drawable: int dialog_ping_btn_background
com.sunoray.tentacle.R$drawable: int dialog_ping_btn_design
com.sunoray.tentacle.R$drawable: int dialog_ping_btn_onfocus_change_background
com.sunoray.tentacle.R$drawable: int dialog_ping_txt_show_error_shape
com.sunoray.tentacle.R$drawable: int expired
com.sunoray.tentacle.R$drawable: int ic_action_key_icon
com.sunoray.tentacle.R$drawable: int ic_action_network_wifi
com.sunoray.tentacle.R$drawable: int ic_action_volume_on
com.sunoray.tentacle.R$drawable: int ic_launcher
com.sunoray.tentacle.R$drawable: int ic_new
com.sunoray.tentacle.R$drawable: int ic_recording
com.sunoray.tentacle.R$drawable: int progress_color
com.sunoray.tentacle.R$drawable: int tentacle_t2
com.sunoray.tentacle.R$drawable: int view_design
com.sunoray.tentacle.R$id: int alert
com.sunoray.tentacle.R$id: int dialer_btn_endcall
com.sunoray.tentacle.R$id: int dialer_ibtn_speaker
com.sunoray.tentacle.R$id: int dialer_imgv_icon
com.sunoray.tentacle.R$id: int dialer_txt_reciever_name
com.sunoray.tentacle.R$id: int dialer_txt_status
com.sunoray.tentacle.R$id: int dialog_ping_btn_cancel
com.sunoray.tentacle.R$id: int dialog_ping_rlout_internet
com.sunoray.tentacle.R$id: int dialog_ping_rlout_ping_test
com.sunoray.tentacle.R$id: int dialog_ping_rlout_sent_detail_to_server
com.sunoray.tentacle.R$id: int dialog_ping_rlout_show_error_detail
com.sunoray.tentacle.R$id: int dialog_ping_rlout_tentacle_server
com.sunoray.tentacle.R$id: int dialog_ping_txt_internet
com.sunoray.tentacle.R$id: int dialog_ping_txt_ping_test
com.sunoray.tentacle.R$id: int dialog_ping_txt_sent_detail_to_server
com.sunoray.tentacle.R$id: int dialog_ping_txt_show_error_detail
com.sunoray.tentacle.R$id: int dialog_ping_txt_tentacle_server
com.sunoray.tentacle.R$id: int main_screen_refreshview
com.sunoray.tentacle.R$id: int main_screen_relative_layout
com.sunoray.tentacle.R$id: int main_screen_scroll_view
com.sunoray.tentacle.R$id: int main_txt_pulltorefresh
com.sunoray.tentacle.R$id: int opt_Menu_Audio_Settings
com.sunoray.tentacle.R$id: int opt_Menu_PingToCallStatus
com.sunoray.tentacle.R$id: int opt_Menu_Ping_Test
com.sunoray.tentacle.R$id: int opt_Menu_Refresh
com.sunoray.tentacle.R$id: int opt_Menu_SyncWiFi
com.sunoray.tentacle.R$integer: int view_activity_webview_font
com.sunoray.tentacle.R$layout: int activity_main
com.sunoray.tentacle.R$layout: int dialer_layout
com.sunoray.tentacle.R$layout: int dialog_ping_test
com.sunoray.tentacle.R$layout: int startup_activity
com.sunoray.tentacle.R$layout: int view_activity
com.sunoray.tentacle.R$menu: int main
com.sunoray.tentacle.R$menu: int startup_menu
...
ch.qos.logback.core.status.OnPrintStreamStatusListenerBase: boolean isStarted
ch.qos.logback.core.status.OnPrintStreamStatusListenerBase: long DEFAULT_RETROSPECTIVE
ch.qos.logback.core.status.OnPrintStreamStatusListenerBase: long retrospective
ch.qos.logback.core.status.OnPrintStreamStatusListenerBase: OnPrintStreamStatusListenerBase()
ch.qos.logback.core.status.OnPrintStreamStatusListenerBase: java.io.PrintStream getPrintStream()
ch.qos.logback.core.status.OnPrintStreamStatusListenerBase: void print(ch.qos.logback.core.status.Status)
ch.qos.logback.core.status.OnPrintStreamStatusListenerBase: void addStatusEvent(ch.qos.logback.core.status.Status)
ch.qos.logback.core.status.OnPrintStreamStatusListenerBase: void retrospectivePrint()
ch.qos.logback.core.status.OnPrintStreamStatusListenerBase: void start()
ch.qos.logback.core.status.OnPrintStreamStatusListenerBase: void setRetrospective(long)
ch.qos.logback.core.status.OnPrintStreamStatusListenerBase: long getRetrospective()
ch.qos.logback.core.status.OnPrintStreamStatusListenerBase: void stop()
ch.qos.logback.core.status.OnPrintStreamStatusListenerBase: boolean isStarted()
ch.qos.logback.core.status.Status
ch.qos.logback.core.status.Status: int INFO
ch.qos.logback.core.status.Status: int WARN
ch.qos.logback.core.status.Status: int ERROR
ch.qos.logback.core.status.Status: int getLevel()
ch.qos.logback.core.status.Status: int getEffectiveLevel()
ch.qos.logback.core.status.Status: java.lang.Object getOrigin()
ch.qos.logback.core.status.Status: java.lang.String getMessage()
ch.qos.logback.core.status.Status: java.lang.Throwable getThrowable()
ch.qos.logback.core.status.Status: java.lang.Long getDate()
ch.qos.logback.core.status.Status: boolean hasChildren()
ch.qos.logback.core.status.Status: void add(ch.qos.logback.core.status.Status)
ch.qos.logback.core.status.Status: boolean remove(ch.qos.logback.core.status.Status)
ch.qos.logback.core.status.Status: java.util.Iterator iterator()
ch.qos.logback.core.status.StatusBase
ch.qos.logback.core.status.StatusBase: java.util.List EMPTY_LIST
ch.qos.logback.core.status.StatusBase: int level
ch.qos.logback.core.status.StatusBase: java.lang.String message
ch.qos.logback.core.status.StatusBase: java.lang.Object origin
ch.qos.logback.core.status.StatusBase: java.util.List childrenList
ch.qos.logback.core.status.StatusBase: java.lang.Throwable throwable
ch.qos.logback.core.status.StatusBase: long date
ch.qos.logback.core.status.StatusBase: StatusBase(int,java.lang.String,java.lang.Object)
ch.qos.logback.core.status.StatusBase: StatusBase(int,java.lang.String,java.lang.Object,java.lang.Throwable)
ch.qos.logback.core.status.StatusBase: void add(ch.qos.logback.core.status.Status)
ch.qos.logback.core.status.StatusBase: boolean hasChildren()
ch.qos.logback.core.status.StatusBase: java.util.Iterator iterator()
ch.qos.logback.core.status.StatusBase: boolean remove(ch.qos.logback.core.status.Status)
ch.qos.logback.core.status.StatusBase: int getLevel()
ch.qos.logback.core.status.StatusBase: int getEffectiveLevel()
ch.qos.logback.core.status.StatusBase: java.lang.String getMessage()
ch.qos.logback.core.status.StatusBase: java.lang.Object getOrigin()
ch.qos.logback.core.status.StatusBase: java.lang.Throwable getThrowable()
ch.qos.logback.core.status.StatusBase: java.lang.Long getDate()
ch.qos.logback.core.status.StatusBase: java.lang.String toString()
ch.qos.logback.core.status.StatusBase: int hashCode()
ch.qos.logback.core.status.StatusListener
ch.qos.logback.core.status.StatusListener: void addStatusEvent(ch.qos.logback.core.status.Status)
ch.qos.logback.core.status.StatusListenerAsList
ch.qos.logback.core.status.StatusListenerAsList: java.util.List statusList
ch.qos.logback.core.status.StatusListenerAsList: StatusListenerAsList()
ch.qos.logback.core.status.StatusListenerAsList: void addStatusEvent(ch.qos.logback.core.status.Status)
ch.qos.logback.core.status.StatusListenerAsList: java.util.List getStatusList()