proguard/mapping.txt
com.sunoray.tentacle.GCMIntentService -> com.sunoray.tentacle.GCMIntentService:
    org.slf4j.Logger log -> c
    int reqCall -> a
    java.util.Queue callidqueue -> b
    void onMessage(android.content.Context,android.content.Intent) -> a
    void sendSharedPreference(android.content.Context,java.lang.String,java.lang.String,java.lang.String) -> a
    void sendCurrentLocation(android.content.Context) -> a
    void onUnregistered(android.content.Context,java.lang.String) -> d
    void sendNotification(android.content.Context,java.lang.String,java.lang.String,java.lang.String,android.content.Intent) -> a
    void sendNotification(android.content.Context,java.lang.String,android.content.Intent) -> a
    void sendMsg(android.content.Context,java.lang.String) -> e
    void playNotification() -> a
    void sendLogToServer() -> b
    void onExtraNotification(android.content.Context,java.lang.String,android.content.Intent) -> b
    void onError(android.content.Context,java.lang.String) -> b
    void onRegistered(android.content.Context,java.lang.String) -> c
    void onDestroy() -> onDestroy
    void addHitQueue(java.lang.String,java.lang.String) -> a
    boolean matchHitQueue(java.lang.String,java.lang.String) -> b
com.sunoray.tentacle.GCMIntentService$1 -> com.sunoray.tentacle.a:
    com.sunoray.tentacle.GCMIntentService this$0 -> a
    com.sunoray.tentacle.bean.LocationBean val$locationbean -> b
    android.content.Context val$context -> c
    com.sunoray.tentacle.helper.LocationTracker val$mGPS -> d
    void onTick(long) -> onTick
    void onFinish() -> onFinish
com.sunoray.tentacle.GCMIntentService$2 -> com.sunoray.tentacle.b:
    com.sunoray.tentacle.GCMIntentService this$0 -> a
    void run() -> run
com.sunoray.tentacle.MainActivity -> com.sunoray.tentacle.MainActivity:
    org.slf4j.Logger log -> b
    android.widget.TableLayout table -> c
    android.widget.TextView alert -> d
    android.content.BroadcastReceiver tentacleReceiver -> a
    void onCreate(android.os.Bundle) -> onCreate
    void onResume() -> onResume
    void onPause() -> onPause
    void checkAppPrerequisite() -> c
    void displayCallRecodedList() -> d
    boolean onCreateOptionsMenu(android.view.Menu) -> onCreateOptionsMenu
    boolean onOptionsItemSelected(android.view.MenuItem) -> onOptionsItemSelected
    org.slf4j.Logger access$0() -> a
    android.widget.TextView access$1() -> b
    void access$2(com.sunoray.tentacle.MainActivity) -> a
com.sunoray.tentacle.MainActivity$1 -> com.sunoray.tentacle.c:
    com.sunoray.tentacle.MainActivity this$0 -> a
    void onReceive(android.content.Context,android.content.Intent) -> onReceive
com.sunoray.tentacle.MainActivity$2 -> com.sunoray.tentacle.d:
    com.sunoray.tentacle.MainActivity this$0 -> a
    com.sunoray.tentacle.layout.TableViewSwipeRefreshLayout val$swipeRefreshLayout -> b
    void onRefresh() -> a
com.sunoray.tentacle.MainActivity$3 -> com.sunoray.tentacle.e:
    com.sunoray.tentacle.MainActivity this$0 -> a
    void onClick(android.content.DialogInterface,int) -> onClick
com.sunoray.tentacle.MainActivity$4 -> com.sunoray.tentacle.f:
    com.sunoray.tentacle.MainActivity this$0 -> a
    java.lang.String[] val$syncOptions -> b
    void onClick(android.content.DialogInterface,int) -> onClick
...
com.google.gson.internal.bind.TypeAdapters$22$1 -> com.google.a.b.a.ao:
    com.google.gson.TypeAdapter val$dateTypeAdapter -> a
    com.google.gson.internal.bind.TypeAdapters$22 this$0 -> b
    java.sql.Timestamp read(com.google.gson.stream.JsonReader) -> a
    void write(com.google.gson.stream.JsonWriter,java.sql.Timestamp) -> a
    java.lang.Object read(com.google.gson.stream.JsonReader) -> b
    void write(com.google.gson.stream.JsonWriter,java.lang.Object) -> a
com.google.gson.internal.bind.TypeAdapters$23 -> com.google.a.b.a.ap:
    java.util.Calendar read(com.google.gson.stream.JsonReader) -> a
    void write(com.google.gson.stream.JsonWriter,java.util.Calendar) -> a
    java.lang.Object read(com.google.gson.stream.JsonReader) -> b
    void write(com.google.gson.stream.JsonWriter,java.lang.Object) -> a
com.google.gson.internal.bind.TypeAdapters$24 -> com.google.a.b.a.aq:
    java.util.Locale read(com.google.gson.stream.JsonReader) -> a
    void write(com.google.gson.stream.JsonWriter,java.util.Locale) -> a
    java.lang.Object read(com.google.gson.stream.JsonReader) -> b
    void write(com.google.gson.stream.JsonWriter,java.lang.Object) -> a
com.google.gson.internal.bind.TypeAdapters$25 -> com.google.a.b.a.ar:
    com.google.gson.JsonElement read(com.google.gson.stream.JsonReader) -> a
    void write(com.google.gson.stream.JsonWriter,com.google.gson.JsonElement) -> a
    java.lang.Object read(com.google.gson.stream.JsonReader) -> b
    void write(com.google.gson.stream.JsonWriter,java.lang.Object) -> a
com.google.gson.internal.bind.TypeAdapters$26 -> com.google.a.b.a.as:
    com.google.gson.TypeAdapter create(com.google.gson.Gson,com.google.gson.reflect.TypeToken) -> a
com.google.gson.internal.bind.TypeAdapters$28 -> com.google.a.b.a.at:
    java.lang.Class val$type -> a
    com.google.gson.TypeAdapter val$typeAdapter -> b
    com.google.gson.TypeAdapter create(com.google.gson.Gson,com.google.gson.reflect.TypeToken) -> a
    java.lang.String toString() -> toString
com.google.gson.internal.bind.TypeAdapters$29 -> com.google.a.b.a.au:
    java.lang.Class val$unboxed -> a
    java.lang.Class val$boxed -> b
    com.google.gson.TypeAdapter val$typeAdapter -> c
    com.google.gson.TypeAdapter create(com.google.gson.Gson,com.google.gson.reflect.TypeToken) -> a
    java.lang.String toString() -> toString
com.google.gson.internal.bind.TypeAdapters$3 -> com.google.a.b.a.av:
    java.lang.Boolean read(com.google.gson.stream.JsonReader) -> a
    void write(com.google.gson.stream.JsonWriter,java.lang.Boolean) -> a
    java.lang.Object read(com.google.gson.stream.JsonReader) -> b
    void write(com.google.gson.stream.JsonWriter,java.lang.Object) -> a
com.google.gson.internal.bind.TypeAdapters$30 -> com.google.a.b.a.aw:
    java.lang.Class val$base -> a
    java.lang.Class val$sub -> b
    com.google.gson.TypeAdapter val$typeAdapter -> c
    com.google.gson.TypeAdapter create(com.google.gson.Gson,com.google.gson.reflect.TypeToken) -> a
    java.lang.String toString() -> toString
com.google.gson.internal.bind.TypeAdapters$31 -> com.google.a.b.a.ax:
    java.lang.Class val$clazz -> a
    com.google.gson.TypeAdapter val$typeAdapter -> b
    com.google.gson.TypeAdapter create(com.google.gson.Gson,com.google.gson.reflect.TypeToken) -> a
    java.lang.String toString() -> toString
com.google.gson.internal.bind.TypeAdapters$32 -> com.google.a.b.a.ay:
    int[] $SwitchMap$com$google$gson$stream$JsonToken -> a
com.google.gson.internal.bind.TypeAdapters$4 -> com.google.a.b.a.az:
    java.lang.Boolean read(com.google.gson.stream.JsonReader) -> a
    void write(com.google.gson.stream.JsonWriter,java.lang.Boolean) -> a
    java.lang.Object read(com.google.gson.stream.JsonReader) -> b
    void write(com.google.gson.stream.JsonWriter,java.lang.Object) -> a