proguard/usage.txt
com.sunoray.tentacle.BuildConfig
com.sunoray.tentacle.Manifest
com.sunoray.tentacle.Manifest$permission
com.sunoray.tentacle.R
com.sunoray.tentacle.R$attr
com.sunoray.tentacle.R$color
com.sunoray.tentacle.R$dimen
com.sunoray.tentacle.R$drawable
com.sunoray.tentacle.R$id
com.sunoray.tentacle.R$integer
com.sunoray.tentacle.R$layout
com.sunoray.tentacle.R$menu
com.sunoray.tentacle.R$string
com.sunoray.tentacle.R$style
com.sunoray.tentacle.ViewActivity:
    android.widget.TextView callEndBtn
    private static final int OPENCAMERA_RESULTCODE
    private static final int FILECHOOSER_RESULTCODE
    private static final int GALLERYCHOOSER_RESULTCODE
com.sunoray.tentacle.common.AppProperties:
    public static final java.lang.String APP_TYPE
    public static final java.lang.String PREFERANCE_FILENAME_STRING
    public static final java.lang.String QUEUE_FILENAME_STRING
    public static final java.lang.String SIGN_UP_PAGE
    public static final java.lang.String SERVER_NAME_STRING
    public static final java.lang.String DEVICE_RECEIVER_STRING
    public static final java.lang.String FILE_RECEIVER_STRING
    public static final java.lang.String SYNC_ALERT_STRING
    public static final java.lang.String DEVICE_CALLHIT_STRING
    public static final java.lang.String DEVICE_LOG
    public static final java.lang.String CAMERA_IMAGE_DIR
    public static final java.lang.String COMPRESS_IMAGE_DIR
    public static final java.lang.String DEVICE_RECORDING_PATH
    public static final java.lang.String DEVICE_LOGFILE_PATH
    public static final long DEFAULT_MIN_DISTANCE_BW_UPDATES
    public static final long DEFAULT_MIN_TIME_BW_UPDATES
    public static final int MAX_TRY_FOR_BROADCAST
    3:3:public AppProperties()
com.sunoray.tentacle.common.CommonField
com.sunoray.tentacle.common.PreferanceUtil:
    public static final java.lang.String PINID
    public static final java.lang.String REGID
    public static final java.lang.String AUTHTOKEN
    public static final java.lang.String isServiceStarted
    public static final java.lang.String lastURL
    public static final java.lang.String AudioSource
    public static final java.lang.String SyncOption
    public static final java.lang.String RecordingOption
    public static final java.lang.String lastSyncTime
    public static final java.lang.String locationAccess
    public static final java.lang.String userRole
    public static final java.lang.String locationAlert
    public static final java.lang.String userUniqueID
    public static final java.lang.String userID
    public static final java.lang.String storageDrive
    public static final java.lang.String MIN_DISTANCE_CHANGE_FOR_UPDATES
    public static final java.lang.String MIN_TIME_BW_UPDATES
    6:6:public PreferanceUtil()
com.sunoray.tentacle.common.Util:
    90:97:public static java.util.Date addMinToStringDate(java.lang.String,int)
    141:145:public static boolean isNumber(java.lang.String)
...
android.support.v4.view.accessibility.AccessibilityNodeInfoCompat$AccessibilityNodeInfoApi21Impl
android.support.v4.view.accessibility.AccessibilityNodeInfoCompat$AccessibilityNodeInfoApi22Impl
android.support.v4.view.accessibility.AccessibilityNodeInfoCompat$AccessibilityNodeInfoIcsImpl
android.support.v4.view.accessibility.AccessibilityNodeInfoCompat$AccessibilityNodeInfoImpl
android.support.v4.view.accessibility.AccessibilityNodeInfoCompat$AccessibilityNodeInfoJellybeanImpl
android.support.v4.view.accessibility.AccessibilityNodeInfoCompat$AccessibilityNodeInfoJellybeanMr2Impl
android.support.v4.view.accessibility.AccessibilityNodeInfoCompat$AccessibilityNodeInfoKitKatImpl
android.support.v4.view.accessibility.AccessibilityNodeInfoCompat$AccessibilityNodeInfoStubImpl
android.support.v4.view.accessibility.AccessibilityNodeInfoCompat$CollectionInfoCompat
android.support.v4.view.accessibility.AccessibilityNodeInfoCompat$CollectionItemInfoCompat
android.support.v4.view.accessibility.AccessibilityNodeInfoCompat$RangeInfoCompat
android.support.v4.view.accessibility.AccessibilityNodeInfoCompatApi21
android.support.v4.view.accessibility.AccessibilityNodeInfoCompatApi21$CollectionItemInfo
android.support.v4.view.accessibility.AccessibilityNodeInfoCompatApi22
android.support.v4.view.accessibility.AccessibilityNodeInfoCompatIcs
android.support.v4.view.accessibility.AccessibilityNodeInfoCompatJellyBean
android.support.v4.view.accessibility.AccessibilityNodeInfoCompatJellybeanMr2
android.support.v4.view.accessibility.AccessibilityNodeInfoCompatKitKat
android.support.v4.view.accessibility.AccessibilityNodeInfoCompatKitKat$CollectionInfo
android.support.v4.view.accessibility.AccessibilityNodeInfoCompatKitKat$CollectionItemInfo
android.support.v4.view.accessibility.AccessibilityNodeInfoCompatKitKat$RangeInfo
android.support.v4.view.accessibility.AccessibilityNodeProviderCompat
android.support.v4.view.accessibility.AccessibilityNodeProviderCompat$AccessibilityNodeProviderImpl
android.support.v4.view.accessibility.AccessibilityNodeProviderCompat$AccessibilityNodeProviderJellyBeanImpl
android.support.v4.view.accessibility.AccessibilityNodeProviderCompat$AccessibilityNodeProviderJellyBeanImpl$1
android.support.v4.view.accessibility.AccessibilityNodeProviderCompat$AccessibilityNodeProviderKitKatImpl
android.support.v4.view.accessibility.AccessibilityNodeProviderCompat$AccessibilityNodeProviderKitKatImpl$1
android.support.v4.view.accessibility.AccessibilityNodeProviderCompat$AccessibilityNodeProviderStubImpl
android.support.v4.view.accessibility.AccessibilityNodeProviderCompatJellyBean
android.support.v4.view.accessibility.AccessibilityNodeProviderCompatJellyBean$1
android.support.v4.view.accessibility.AccessibilityNodeProviderCompatJellyBean$AccessibilityNodeInfoBridge
android.support.v4.view.accessibility.AccessibilityNodeProviderCompatKitKat
android.support.v4.view.accessibility.AccessibilityNodeProviderCompatKitKat$1
android.support.v4.view.accessibility.AccessibilityNodeProviderCompatKitKat$AccessibilityNodeInfoBridge
android.support.v4.view.accessibility.AccessibilityRecordCompat
android.support.v4.view.accessibility.AccessibilityRecordCompat$AccessibilityRecordIcsImpl
android.support.v4.view.accessibility.AccessibilityRecordCompat$AccessibilityRecordIcsMr1Impl
android.support.v4.view.accessibility.AccessibilityRecordCompat$AccessibilityRecordImpl
android.support.v4.view.accessibility.AccessibilityRecordCompat$AccessibilityRecordJellyBeanImpl
android.support.v4.view.accessibility.AccessibilityRecordCompat$AccessibilityRecordStubImpl
android.support.v4.view.accessibility.AccessibilityRecordCompatIcs
android.support.v4.view.accessibility.AccessibilityRecordCompatIcsMr1
android.support.v4.view.accessibility.AccessibilityRecordCompatJellyBean
android.support.v4.view.animation.FastOutLinearInInterpolator
android.support.v4.view.animation.LinearOutSlowInInterpolator
android.support.v4.view.animation.PathInterpolatorCompat